Starting Grafana deployment at Fri Apr 18 02:48:10 PM IST 2025
Grafana is already installed
Waiting for Grafana to start...
Grafana is running
Configuring Grafana data source...
Data source already exists
Importing Grafana dashboards...
Importing dashboard: device-details
Attempt 1: Failed to import dashboard device-details, retrying...
Attempt 2: Failed to import dashboard device-details, retrying...
Attempt 3: Failed to import dashboard device-details, retrying...
Attempt 4: Failed to import dashboard device-details, retrying...
Attempt 5: Failed to import dashboard device-details, retrying...
Importing dashboard: energy-analysis
Attempt 1: Failed to import dashboard energy-analysis, retrying...
Attempt 2: Failed to import dashboard energy-analysis, retrying...
Attempt 3: Failed to import dashboard energy-analysis, retrying...
Attempt 4: Failed to import dashboard energy-analysis, retrying...
Attempt 5: Failed to import dashboard energy-analysis, retrying...
Importing dashboard: overview-dashboard
Attempt 1: Failed to import dashboard overview-dashboard, retrying...
Attempt 2: Failed to import dashboard overview-dashboard, retrying...
Attempt 3: Failed to import dashboard overview-dashboard, retrying...
Attempt 4: Failed to import dashboard overview-dashboard, retrying...
Attempt 5: Failed to import dashboard overview-dashboard, retrying...
Importing dashboard: power-analysis
Attempt 1: Failed to import dashboard power-analysis, retrying...
Attempt 2: Failed to import dashboard power-analysis, retrying...
Attempt 3: Failed to import dashboard power-analysis, retrying...
Attempt 4: Failed to import dashboard power-analysis, retrying...
Attempt 5: Failed to import dashboard power-analysis, retrying...
Grafana deployment completed at Fri Apr 18 02:49:16 PM IST 2025
Starting Grafana deployment at Fri Apr 18 03:02:47 PM IST 2025
Grafana is already installed
Waiting for Grafana to start...
Grafana is running
Configuring Grafana data source...
Data source already exists
Importing Grafana dashboards...
Importing dashboard: device-details
Attempt 1: Failed to import dashboard device-details, retrying...
Attempt 2: Failed to import dashboard device-details, retrying...
Attempt 3: Failed to import dashboard device-details, retrying...
Starting Grafana deployment at Fri Apr 18 03:08:38 PM IST 2025
Grafana is already installed
Waiting for Grafana to start...
Grafana is running
Configuring Grafana data source...
Data source already exists
Importing Grafana dashboards...
Importing dashboard: device-details
Attempt 1: Failed to import dashboard device-details, retrying...
Attempt 2: Failed to import dashboard device-details, retrying...
Attempt 3: Failed to import dashboard device-details, retrying...
Attempt 4: Failed to import dashboard device-details, retrying...
Attempt 5: Failed to import dashboard device-details, retrying...
Importing dashboard: energy-analysis
Attempt 1: Failed to import dashboard energy-analysis, retrying...
Starting Grafana deployment at Fri Apr 18 03:16:36 PM IST 2025
Grafana is already installed
Waiting for Grafana to start...
Grafana is running
Configuring Grafana data source...
Data source already exists
Importing Grafana dashboards...
Importing dashboard: device-details
Attempt 1: Failed to import dashboard device-details, retrying...
Attempt 2: Failed to import dashboard device-details, retrying...
Attempt 3: Failed to import dashboard device-details, retrying...
Attempt 4: Failed to import dashboard device-details, retrying...
Attempt 5: Failed to import dashboard device-details, retrying...
Importing dashboard: energy-analysis
Attempt 1: Failed to import dashboard energy-analysis, retrying...
Attempt 2: Failed to import dashboard energy-analysis, retrying...
Attempt 3: Failed to import dashboard energy-analysis, retrying...
Attempt 4: Failed to import dashboard energy-analysis, retrying...
Attempt 5: Failed to import dashboard energy-analysis, retrying...
Importing dashboard: overview-dashboard
Attempt 1: Failed to import dashboard overview-dashboard, retrying...
Attempt 2: Failed to import dashboard overview-dashboard, retrying...
Attempt 3: Failed to import dashboard overview-dashboard, retrying...
Attempt 4: Failed to import dashboard overview-dashboard, retrying...
Attempt 5: Failed to import dashboard overview-dashboard, retrying...
Importing dashboard: power-analysis
Attempt 1: Failed to import dashboard power-analysis, retrying...
Attempt 2: Failed to import dashboard power-analysis, retrying...
Attempt 3: Failed to import dashboard power-analysis, retrying...
Attempt 4: Failed to import dashboard power-analysis, retrying...
Attempt 5: Failed to import dashboard power-analysis, retrying...
Grafana deployment completed at Fri Apr 18 03:17:43 PM IST 2025
Starting Grafana deployment at Fri Apr 18 03:22:28 PM IST 2025
Grafana is already installed
Waiting for Grafana to start...
Grafana is running
Configuring Grafana data source...
Data source already exists
Importing Grafana dashboards...
Importing dashboard: device-details
Attempt 1: Failed to import dashboard device-details, retrying...
Attempt 2: Failed to import dashboard device-details, retrying...
Attempt 3: Failed to import dashboard device-details, retrying...
Attempt 4: Failed to import dashboard device-details, retrying...
Attempt 5: Failed to import dashboard device-details, retrying...
Importing dashboard: energy-analysis
Attempt 1: Failed to import dashboard energy-analysis, retrying...
Starting Grafana deployment at Fri Apr 18 03:23:45 PM IST 2025
Grafana is already installed
Waiting for Grafana to start...
Grafana is running
Configuring Grafana data source...
Data source already exists
Importing Grafana dashboards...
Importing dashboard: device-details
Attempt 1: Failed to import dashboard device-details, retrying...
Attempt 2: Failed to import dashboard device-details, retrying...
Attempt 3: Failed to import dashboard device-details, retrying...
Attempt 4: Failed to import dashboard device-details, retrying...
Attempt 5: Failed to import dashboard device-details, retrying...
Importing dashboard: energy-analysis
Attempt 1: Failed to import dashboard energy-analysis, retrying...
Attempt 2: Failed to import dashboard energy-analysis, retrying...
Attempt 3: Failed to import dashboard energy-analysis, retrying...
Attempt 4: Failed to import dashboard energy-analysis, retrying...
Attempt 5: Failed to import dashboard energy-analysis, retrying...
Importing dashboard: overview-dashboard
Attempt 1: Failed to import dashboard overview-dashboard, retrying...
Attempt 2: Failed to import dashboard overview-dashboard, retrying...
Attempt 3: Failed to import dashboard overview-dashboard, retrying...
Attempt 4: Failed to import dashboard overview-dashboard, retrying...
Attempt 5: Failed to import dashboard overview-dashboard, retrying...
Importing dashboard: power-analysis
Attempt 1: Failed to import dashboard power-analysis, retrying...
Attempt 2: Failed to import dashboard power-analysis, retrying...
Attempt 3: Failed to import dashboard power-analysis, retrying...
Attempt 4: Failed to import dashboard power-analysis, retrying...
Attempt 5: Failed to import dashboard power-analysis, retrying...
Starting Grafana deployment at Fri Apr 18 03:42:10 PM IST 2025
Grafana is already installed
Waiting for Grafana to start...
Grafana is running
Configuring Grafana data source...
Data source already exists
Importing Grafana dashboards...
Importing dashboard: device-details
Attempt 1: Failed to import dashboard device-details, retrying...
Attempt 2: Failed to import dashboard device-details, retrying...
Attempt 3: Failed to import dashboard device-details, retrying...
Attempt 4: Failed to import dashboard device-details, retrying...
Attempt 5: Failed to import dashboard device-details, retrying...
Importing dashboard: energy-analysis
Attempt 1: Failed to import dashboard energy-analysis, retrying...
Attempt 2: Failed to import dashboard energy-analysis, retrying...
Attempt 3: Failed to import dashboard energy-analysis, retrying...
Attempt 4: Failed to import dashboard energy-analysis, retrying...
Attempt 5: Failed to import dashboard energy-analysis, retrying...
Importing dashboard: overview-dashboard
Attempt 1: Failed to import dashboard overview-dashboard, retrying...
Attempt 2: Failed to import dashboard overview-dashboard, retrying...
Attempt 3: Failed to import dashboard overview-dashboard, retrying...
Attempt 4: Failed to import dashboard overview-dashboard, retrying...
Attempt 5: Failed to import dashboard overview-dashboard, retrying...
Importing dashboard: power-analysis
Attempt 1: Failed to import dashboard power-analysis, retrying...
Attempt 2: Failed to import dashboard power-analysis, retrying...
Attempt 3: Failed to import dashboard power-analysis, retrying...
Attempt 4: Failed to import dashboard power-analysis, retrying...
Attempt 5: Failed to import dashboard power-analysis, retrying...
Grafana deployment completed at Fri Apr 18 03:43:16 PM IST 2025
Starting Grafana deployment at Fri Apr 18 03:56:16 PM IST 2025
Grafana is already installed
Waiting for Grafana to start...
Grafana is running
Configuring Grafana data source...
Attempt 1: Failed to configure data source, retrying...
Attempt 2: Failed to configure data source, retrying...
Attempt 3: Failed to configure data source, retrying...
Attempt 4: Failed to configure data source, retrying...
Attempt 5: Failed to configure data source, retrying...
Attempt 6: Failed to configure data source, retrying...
Attempt 7: Failed to configure data source, retrying...
Attempt 8: Failed to configure data source, retrying...
Attempt 9: Failed to configure data source, retrying...
Attempt 10: Failed to configure data source, retrying...
Importing Grafana dashboards...
Importing dashboard: device-details
Attempt 1: Failed to import dashboard device-details, retrying...
Attempt 2: Failed to import dashboard device-details, retrying...
Attempt 3: Failed to import dashboard device-details, retrying...
Attempt 4: Failed to import dashboard device-details, retrying...
Attempt 5: Failed to import dashboard device-details, retrying...
Importing dashboard: energy-analysis
Attempt 1: Failed to import dashboard energy-analysis, retrying...
Attempt 2: Failed to import dashboard energy-analysis, retrying...
Attempt 3: Failed to import dashboard energy-analysis, retrying...
Attempt 4: Failed to import dashboard energy-analysis, retrying...
Attempt 5: Failed to import dashboard energy-analysis, retrying...
Importing dashboard: overview-dashboard
Attempt 1: Failed to import dashboard overview-dashboard, retrying...
Attempt 2: Failed to import dashboard overview-dashboard, retrying...
Attempt 3: Failed to import dashboard overview-dashboard, retrying...
Attempt 4: Failed to import dashboard overview-dashboard, retrying...
Attempt 5: Failed to import dashboard overview-dashboard, retrying...
Importing dashboard: power-analysis
Attempt 1: Failed to import dashboard power-analysis, retrying...
Attempt 2: Failed to import dashboard power-analysis, retrying...
Attempt 3: Failed to import dashboard power-analysis, retrying...
Attempt 4: Failed to import dashboard power-analysis, retrying...
Attempt 5: Failed to import dashboard power-analysis, retrying...
Grafana deployment completed at Fri Apr 18 03:57:50 PM IST 2025
Starting Grafana deployment at Fri Apr 18 04:04:52 PM IST 2025
Grafana is already installed
Waiting for Grafana to start...
Grafana is running
Configuring Grafana data source...
Attempt 1: Failed to configure data source, retrying...
Attempt 2: Failed to configure data source, retrying...
Attempt 3: Failed to configure data source, retrying...
Attempt 4: Failed to configure data source, retrying...
Attempt 5: Failed to configure data source, retrying...
Attempt 6: Failed to configure data source, retrying...
Attempt 7: Failed to configure data source, retrying...
Attempt 8: Failed to configure data source, retrying...
Attempt 9: Failed to configure data source, retrying...
Starting Grafana deployment at Fri Apr 18 04:07:37 PM IST 2025
Grafana is already installed
Waiting for Grafana to start...
Grafana is running
Configuring Grafana data source...
Attempt 1: Failed to configure data source, retrying...
Attempt 2: Failed to configure data source, retrying...
Attempt 3: Failed to configure data source, retrying...
Attempt 4: Failed to configure data source, retrying...
Attempt 5: Failed to configure data source, retrying...
Attempt 6: Failed to configure data source, retrying...
Attempt 7: Failed to configure data source, retrying...
Attempt 8: Failed to configure data source, retrying...
Attempt 9: Failed to configure data source, retrying...
Attempt 10: Failed to configure data source, retrying...
Importing Grafana dashboards...
Importing dashboard: device-details
Attempt 1: Failed to import dashboard device-details, retrying...
Starting Grafana deployment at Fri Apr 18 04:38:51 PM IST 2025
Grafana is already installed
Waiting for Grafana to start...
Grafana is running
Configuring Grafana data source...
Attempt 1: Failed to configure data source, retrying...
Attempt 2: Failed to configure data source, retrying...
Starting Grafana deployment at Fri Apr 18 04:40:57 PM IST 2025
Grafana is already installed
Waiting for Grafana to start...
Grafana is running
Configuring Grafana data source...
Attempt 1: Failed to configure data source, retrying...
Attempt 2: Failed to configure data source, retrying...
Attempt 3: Failed to configure data source, retrying...
Attempt 4: Failed to configure data source, retrying...
Attempt 5: Failed to configure data source, retrying...
Starting Grafana deployment at Fri Apr 18 05:14:13 PM IST 2025
Grafana is already installed
Waiting for Grafana to start...
Grafana is running
Configuring Grafana data source...
Data source configured successfully
Importing Grafana dashboards...
Importing dashboard: device-details
Attempt 1: Failed to import dashboard device-details, retrying...
Attempt 2: Failed to import dashboard device-details, retrying...
Attempt 3: Failed to import dashboard device-details, retrying...
Attempt 4: Failed to import dashboard device-details, retrying...
Attempt 5: Failed to import dashboard device-details, retrying...
Importing dashboard: energy-analysis
Attempt 1: Failed to import dashboard energy-analysis, retrying...
Attempt 2: Failed to import dashboard energy-analysis, retrying...
Attempt 3: Failed to import dashboard energy-analysis, retrying...
Attempt 4: Failed to import dashboard energy-analysis, retrying...
Attempt 5: Failed to import dashboard energy-analysis, retrying...
Importing dashboard: overview-dashboard
Attempt 1: Failed to import dashboard overview-dashboard, retrying...
Attempt 2: Failed to import dashboard overview-dashboard, retrying...
Attempt 3: Failed to import dashboard overview-dashboard, retrying...
Attempt 4: Failed to import dashboard overview-dashboard, retrying...
Attempt 5: Failed to import dashboard overview-dashboard, retrying...
Importing dashboard: power-analysis
Attempt 1: Failed to import dashboard power-analysis, retrying...
Attempt 2: Failed to import dashboard power-analysis, retrying...
Attempt 3: Failed to import dashboard power-analysis, retrying...
Attempt 4: Failed to import dashboard power-analysis, retrying...
Attempt 5: Failed to import dashboard power-analysis, retrying...
Grafana deployment completed at Fri Apr 18 05:15:21 PM IST 2025
Starting Grafana deployment at Fri Apr 18 05:34:59 PM IST 2025
Grafana is already installed
Waiting for Grafana to start...
Grafana is running
Configuring Grafana data source...
Data source already exists
Importing Grafana dashboards...
Importing dashboard: device-details
Attempt 1: Failed to import dashboard device-details, retrying...
Attempt 2: Failed to import dashboard device-details, retrying...
Attempt 3: Failed to import dashboard device-details, retrying...
Attempt 4: Failed to import dashboard device-details, retrying...
Attempt 5: Failed to import dashboard device-details, retrying...
Importing dashboard: energy-analysis
Attempt 1: Failed to import dashboard energy-analysis, retrying...
Attempt 2: Failed to import dashboard energy-analysis, retrying...
Attempt 3: Failed to import dashboard energy-analysis, retrying...
Attempt 4: Failed to import dashboard energy-analysis, retrying...
Attempt 5: Failed to import dashboard energy-analysis, retrying...
Importing dashboard: overview-dashboard
Attempt 1: Failed to import dashboard overview-dashboard, retrying...
Attempt 2: Failed to import dashboard overview-dashboard, retrying...
Attempt 3: Failed to import dashboard overview-dashboard, retrying...
Attempt 4: Failed to import dashboard overview-dashboard, retrying...
Attempt 5: Failed to import dashboard overview-dashboard, retrying...
Importing dashboard: power-analysis
Attempt 1: Failed to import dashboard power-analysis, retrying...
Attempt 2: Failed to import dashboard power-analysis, retrying...
Attempt 3: Failed to import dashboard power-analysis, retrying...
Attempt 4: Failed to import dashboard power-analysis, retrying...
Attempt 5: Failed to import dashboard power-analysis, retrying...
Grafana deployment completed at Fri Apr 18 05:36:06 PM IST 2025
Starting Grafana deployment at Fri Apr 18 06:11:55 PM IST 2025
Grafana is already installed
Waiting for Grafana to start...
Grafana is running
Configuring Grafana data source...
Data source already exists
Importing Grafana dashboards...
Importing dashboard: device-details
Attempt 1: Failed to import dashboard device-details, retrying...
Attempt 2: Failed to import dashboard device-details, retrying...
Attempt 3: Failed to import dashboard device-details, retrying...
Attempt 4: Failed to import dashboard device-details, retrying...
Attempt 5: Failed to import dashboard device-details, retrying...
Importing dashboard: energy-analysis
Attempt 1: Failed to import dashboard energy-analysis, retrying...
Attempt 2: Failed to import dashboard energy-analysis, retrying...
Attempt 3: Failed to import dashboard energy-analysis, retrying...
Attempt 4: Failed to import dashboard energy-analysis, retrying...
Attempt 5: Failed to import dashboard energy-analysis, retrying...
Importing dashboard: overview-dashboard
Attempt 1: Failed to import dashboard overview-dashboard, retrying...
Attempt 2: Failed to import dashboard overview-dashboard, retrying...
Attempt 3: Failed to import dashboard overview-dashboard, retrying...
Attempt 4: Failed to import dashboard overview-dashboard, retrying...
Attempt 5: Failed to import dashboard overview-dashboard, retrying...
Importing dashboard: power-analysis
Attempt 1: Failed to import dashboard power-analysis, retrying...
Attempt 2: Failed to import dashboard power-analysis, retrying...
Attempt 3: Failed to import dashboard power-analysis, retrying...
Attempt 4: Failed to import dashboard power-analysis, retrying...
Attempt 5: Failed to import dashboard power-analysis, retrying...
Grafana deployment completed at Fri Apr 18 06:13:02 PM IST 2025
Starting Grafana deployment at Fri Apr 18 06:20:56 PM IST 2025
Grafana is already installed
Waiting for Grafana to start...
Grafana is running
Configuring Grafana data source...
Data source already exists
Importing Grafana dashboards...
Importing dashboard: device-details
Attempt 1: Failed to import dashboard device-details, retrying...
Attempt 2: Failed to import dashboard device-details, retrying...
Attempt 3: Failed to import dashboard device-details, retrying...
Attempt 4: Failed to import dashboard device-details, retrying...
Attempt 5: Failed to import dashboard device-details, retrying...
Importing dashboard: energy-analysis
Attempt 1: Failed to import dashboard energy-analysis, retrying...
Attempt 2: Failed to import dashboard energy-analysis, retrying...
Attempt 3: Failed to import dashboard energy-analysis, retrying...
Attempt 4: Failed to import dashboard energy-analysis, retrying...
Attempt 5: Failed to import dashboard energy-analysis, retrying...
Importing dashboard: overview-dashboard
Attempt 1: Failed to import dashboard overview-dashboard, retrying...
Attempt 2: Failed to import dashboard overview-dashboard, retrying...
Attempt 3: Failed to import dashboard overview-dashboard, retrying...
Attempt 4: Failed to import dashboard overview-dashboard, retrying...
Attempt 5: Failed to import dashboard overview-dashboard, retrying...
Importing dashboard: power-analysis
Attempt 1: Failed to import dashboard power-analysis, retrying...
Attempt 2: Failed to import dashboard power-analysis, retrying...
Attempt 3: Failed to import dashboard power-analysis, retrying...
Attempt 4: Failed to import dashboard power-analysis, retrying...
Attempt 5: Failed to import dashboard power-analysis, retrying...
Grafana deployment completed at Fri Apr 18 06:22:03 PM IST 2025
Starting Grafana deployment at Fri Apr 18 06:48:19 PM IST 2025
Grafana is already installed
Waiting for Grafana to start...
Grafana is running
Configuring Grafana data source...
Data source already exists
Importing Grafana dashboards...
Importing dashboard: device-details
Attempt 1: Failed to import dashboard device-details, retrying...
Attempt 2: Failed to import dashboard device-details, retrying...
Attempt 3: Failed to import dashboard device-details, retrying...
Attempt 4: Failed to import dashboard device-details, retrying...
Attempt 5: Failed to import dashboard device-details, retrying...
Importing dashboard: energy-analysis
Attempt 1: Failed to import dashboard energy-analysis, retrying...
Attempt 2: Failed to import dashboard energy-analysis, retrying...
Attempt 3: Failed to import dashboard energy-analysis, retrying...
Attempt 4: Failed to import dashboard energy-analysis, retrying...
Attempt 5: Failed to import dashboard energy-analysis, retrying...
Importing dashboard: overview-dashboard
Attempt 1: Failed to import dashboard overview-dashboard, retrying...
Attempt 2: Failed to import dashboard overview-dashboard, retrying...
Attempt 3: Failed to import dashboard overview-dashboard, retrying...
Attempt 4: Failed to import dashboard overview-dashboard, retrying...
Attempt 5: Failed to import dashboard overview-dashboard, retrying...
Importing dashboard: power-analysis
Attempt 1: Failed to import dashboard power-analysis, retrying...
Attempt 2: Failed to import dashboard power-analysis, retrying...
Attempt 3: Failed to import dashboard power-analysis, retrying...
Attempt 4: Failed to import dashboard power-analysis, retrying...
Attempt 5: Failed to import dashboard power-analysis, retrying...
Grafana deployment completed at Fri Apr 18 06:49:25 PM IST 2025
Starting Grafana deployment at Fri Apr 18 06:55:35 PM IST 2025
Grafana is already installed
Waiting for Grafana to start...
Grafana is running
Configuring Grafana data source...
Data source already exists
Importing Grafana dashboards...
Importing dashboard: device-details
Attempt 1: Failed to import dashboard device-details, retrying...
Attempt 2: Failed to import dashboard device-details, retrying...
Attempt 3: Failed to import dashboard device-details, retrying...
Attempt 4: Failed to import dashboard device-details, retrying...
Attempt 5: Failed to import dashboard device-details, retrying...
Importing dashboard: energy-analysis
Attempt 1: Failed to import dashboard energy-analysis, retrying...
Attempt 2: Failed to import dashboard energy-analysis, retrying...
Attempt 3: Failed to import dashboard energy-analysis, retrying...
Attempt 4: Failed to import dashboard energy-analysis, retrying...
Attempt 5: Failed to import dashboard energy-analysis, retrying...
Importing dashboard: overview-dashboard
Attempt 1: Failed to import dashboard overview-dashboard, retrying...
Attempt 2: Failed to import dashboard overview-dashboard, retrying...
Attempt 3: Failed to import dashboard overview-dashboard, retrying...
Attempt 4: Failed to import dashboard overview-dashboard, retrying...
Attempt 5: Failed to import dashboard overview-dashboard, retrying...
Importing dashboard: power-analysis
Attempt 1: Failed to import dashboard power-analysis, retrying...
Attempt 2: Failed to import dashboard power-analysis, retrying...
Attempt 3: Failed to import dashboard power-analysis, retrying...
Attempt 4: Failed to import dashboard power-analysis, retrying...
Attempt 5: Failed to import dashboard power-analysis, retrying...
Grafana deployment completed at Fri Apr 18 06:56:41 PM IST 2025
Starting Grafana deployment at Fri Apr 18 07:03:20 PM IST 2025
Grafana is already installed
Waiting for Grafana to start...
Grafana is running
Configuring Grafana data source...
Data source already exists
Importing Grafana dashboards...
Importing dashboard: device-details
Attempt 1: Failed to import dashboard device-details, retrying...
Attempt 2: Failed to import dashboard device-details, retrying...
Attempt 3: Failed to import dashboard device-details, retrying...
Attempt 4: Failed to import dashboard device-details, retrying...
Attempt 5: Failed to import dashboard device-details, retrying...
Importing dashboard: energy-analysis
Attempt 1: Failed to import dashboard energy-analysis, retrying...
Attempt 2: Failed to import dashboard energy-analysis, retrying...
Attempt 3: Failed to import dashboard energy-analysis, retrying...
Attempt 4: Failed to import dashboard energy-analysis, retrying...
Attempt 5: Failed to import dashboard energy-analysis, retrying...
Importing dashboard: overview-dashboard
Attempt 1: Failed to import dashboard overview-dashboard, retrying...
Attempt 2: Failed to import dashboard overview-dashboard, retrying...
Attempt 3: Failed to import dashboard overview-dashboard, retrying...
Attempt 4: Failed to import dashboard overview-dashboard, retrying...
Attempt 5: Failed to import dashboard overview-dashboard, retrying...
Importing dashboard: power-analysis
Attempt 1: Failed to import dashboard power-analysis, retrying...
Attempt 2: Failed to import dashboard power-analysis, retrying...
Attempt 3: Failed to import dashboard power-analysis, retrying...
Attempt 4: Failed to import dashboard power-analysis, retrying...
Attempt 5: Failed to import dashboard power-analysis, retrying...
Grafana deployment completed at Fri Apr 18 07:04:26 PM IST 2025
Starting Grafana deployment at Fri Apr 18 07:20:08 PM IST 2025
Grafana is already installed
Waiting for Grafana to start...
Grafana is running
Configuring Grafana data source...
Data source already exists
Importing Grafana dashboards...
Importing dashboard: device-details
./shems_deploy_grafana.sh: line 569: -u: command not found
Attempt 1: Failed to import dashboard device-details, retrying...
./shems_deploy_grafana.sh: line 569: -u: command not found
Attempt 2: Failed to import dashboard device-details, retrying...
Starting Grafana deployment at Fri Apr 18 07:22:47 PM IST 2025
Grafana is already installed
Waiting for Grafana to start...
Grafana is running
Configuring Grafana data source...
Data source already exists
Importing Grafana dashboards...
Importing dashboard: device-details
Dashboard device-details imported successfully
Importing dashboard: energy-analysis
Dashboard energy-analysis imported successfully
Importing dashboard: overview-dashboard
Dashboard overview-dashboard imported successfully
Importing dashboard: power-analysis
Dashboard power-analysis imported successfully
Grafana deployment completed at Fri Apr 18 07:22:50 PM IST 2025
Starting Grafana deployment at Fri Apr 18 08:16:57 PM IST 2025
Grafana is already installed
Waiting for Grafana to start...
Grafana is running
Configuring Grafana data source...
Data source already exists
Importing Grafana dashboards...
Importing dashboard: device-details
Dashboard device-details imported successfully
Importing dashboard: energy-analysis
Dashboard energy-analysis imported successfully
Importing dashboard: overview-dashboard
Dashboard overview-dashboard imported successfully
Importing dashboard: power-analysis
Dashboard power-analysis imported successfully
Grafana deployment completed at Fri Apr 18 08:16:59 PM IST 2025
